# JRE version: OpenJDK Runtime Environment Temurin-17.0.7+7 (17.0.7+7) (build 17.0.7+7)
# Java VM: OpenJDK 64-Bit Server VM Temurin-17.0.7+7 (17.0.7+7, mixed mode, emulated-client, tiered, compressed oops, compressed class ptrs, g1 gc, windows-amd64)
GC Precious Log:
 CPUs: 4 total, 4 available
 Memory: 3459M
 Large Page Support: Disabled
 NUMA Support: Disabled
 Compressed Oops: Enabled (32-bit)
 Heap Region Size: 1M
 Heap Min Capacity: 8M
 Heap Initial Capacity: 56M
 Heap Max Capacity: 866M
 Pre-touch: Disabled
 Parallel Workers: 4
 Concurrent Workers: 1
 Concurrent Refinement Workers: 4
 Periodic GC: Disabled
Heap:
 garbage-first heap   total 46080K, used 22167K [0x00000000c9e00000, 0x0000000100000000)
  region size 1024K, 1 young (1024K), 1 survivors (1024K)
 Metaspace       used 50036K, committed 50496K, reserved 1114112K
  class space    used 6458K, committed 6656K, reserved 1048576K
GC Heap History (20 events):
Event: 3.951 GC heap after
{Heap after GC invocations=4 (full 0):
 garbage-first heap   total 57344K, used 9406K [0x00000000c9e00000, 0x0000000100000000)
  region size 1024K, 2 young (2048K), 2 survivors (2048K)
 Metaspace       used 21209K, committed 21504K, reserved 1114112K
  class space    used 2499K, committed 2688K, reserved 1048576K
}
Event: 4.385 GC heap before
{Heap before GC invocations=5 (full 0):
 garbage-first heap   total 37888K, used 28862K [0x00000000c9e00000, 0x0000000100000000)
  region size 1024K, 22 young (22528K), 2 survivors (2048K)
 Metaspace       used 25219K, committed 25536K, reserved 1114112K
  class space    used 3106K, committed 3264K, reserved 1048576K
}
Event: 4.391 GC heap after
{Heap after GC invocations=6 (full 0):
 garbage-first heap   total 37888K, used 10699K [0x00000000c9e00000, 0x0000000100000000)
  region size 1024K, 2 young (2048K), 2 survivors (2048K)
 Metaspace       used 25219K, committed 25536K, reserved 1114112K
  class space    used 3106K, committed 3264K, reserved 1048576K
}
Event: 4.718 GC heap before
{Heap before GC invocations=6 (full 0):
 garbage-first heap   total 37888K, used 24011K [0x00000000c9e00000, 0x0000000100000000)
  region size 1024K, 16 young (16384K), 2 survivors (2048K)
 Metaspace       used 28465K, committed 28736K, reserved 1114112K
  class space    used 3460K, committed 3584K, reserved 1048576K
}
Event: 4.724 GC heap after
{Heap after GC invocations=7 (full 0):
 garbage-first heap   total 37888K, used 12279K [0x00000000c9e00000, 0x0000000100000000)
  region size 1024K, 2 young (2048K), 2 survivors (2048K)
 Metaspace       used 28465K, committed 28736K, reserved 1114112K
  class space    used 3460K, committed 3584K, reserved 1048576K
}
Event: 5.230 GC heap before
{Heap before GC invocations=7 (full 0):
 garbage-first heap   total 37888K, used 24567K [0x00000000c9e00000, 0x0000000100000000)
  region size 1024K, 15 young (15360K), 2 survivors (2048K)
 Metaspace       used 30068K, committed 30336K, reserved 1114112K
  class space    used 3709K, committed 3840K, reserved 1048576K
}
Event: 5.234 GC heap after
{Heap after GC invocations=8 (full 0):
 garbage-first heap   total 46080K, used 13154K [0x00000000c9e00000, 0x0000000100000000)
  region size 1024K, 1 young (1024K), 1 survivors (1024K)
 Metaspace       used 30068K, committed 30336K, reserved 1114112K
  class space    used 3709K, committed 3840K, reserved 1048576K
}
Event: 6.614 GC heap before
{Heap before GC invocations=8 (full 0):
 garbage-first heap   total 46080K, used 33634K [0x00000000c9e00000, 0x0000000100000000)
  region size 1024K, 21 young (21504K), 1 survivors (1024K)
 Metaspace       used 32360K, committed 32704K, reserved 1114112K
  class space    used 4059K, committed 4224K, reserved 1048576K
}
Event: 6.619 GC heap after
{Heap after GC invocations=9 (full 0):
 garbage-first heap   total 46080K, used 14488K [0x00000000c9e00000, 0x0000000100000000)
  region size 1024K, 3 young (3072K), 3 survivors (3072K)
 Metaspace       used 32360K, committed 32704K, reserved 1114112K
  class space    used 4059K, committed 4224K, reserved 1048576K
}
Event: 7.138 GC heap before
{Heap before GC invocations=9 (full 0):
 garbage-first heap   total 46080K, used 31896K [0x00000000c9e00000, 0x0000000100000000)
  region size 1024K, 21 young (21504K), 3 survivors (3072K)
 Metaspace       used 35142K, committed 35584K, reserved 1114112K
  class space    used 4507K, committed 4736K, reserved 1048576K
}
Event: 7.144 GC heap after
{Heap after GC invocations=10 (full 0):
 garbage-first heap   total 46080K, used 16171K [0x00000000c9e00000, 0x0000000100000000)
  region size 1024K, 3 young (3072K), 3 survivors (3072K)
 Metaspace       used 35142K, committed 35584K, reserved 1114112K
  class space    used 4507K, committed 4736K, reserved 1048576K
}
Event: 7.225 GC heap before
{Heap before GC invocations=10 (full 0):
 garbage-first heap   total 46080K, used 19243K [0x00000000c9e00000, 0x0000000100000000)
  region size 1024K, 7 young (7168K), 3 survivors (3072K)
 Metaspace       used 35715K, committed 36096K, reserved 1114112K
  class space    used 4587K, committed 4800K, reserved 1048576K
}
Event: 7.230 GC heap after
{Heap after GC invocations=11 (full 0):
 garbage-first heap   total 46080K, used 16750K [0x00000000c9e00000, 0x0000000100000000)
  region size 1024K, 1 young (1024K), 1 survivors (1024K)
 Metaspace       used 35715K, committed 36096K, reserved 1114112K
  class space    used 4587K, committed 4800K, reserved 1048576K
}
Event: 7.659 GC heap before
{Heap before GC invocations=12 (full 0):
 garbage-first heap   total 46080K, used 34158K [0x00000000c9e00000, 0x0000000100000000)
  region size 1024K, 18 young (18432K), 1 survivors (1024K)
 Metaspace       used 38327K, committed 38784K, reserved 1114112K
  class space    used 4941K, committed 5120K, reserved 1048576K
}
Event: 7.664 GC heap after
{Heap after GC invocations=13 (full 0):
 garbage-first heap   total 46080K, used 18578K [0x00000000c9e00000, 0x0000000100000000)
  region size 1024K, 3 young (3072K), 3 survivors (3072K)
 Metaspace       used 38327K, committed 38784K, reserved 1114112K
  class space    used 4941K, committed 5120K, reserved 1048576K
}
Event: 8.034 GC heap before
{Heap before GC invocations=13 (full 0):
 garbage-first heap   total 46080K, used 33938K [0x00000000c9e00000, 0x0000000100000000)
  region size 1024K, 18 young (18432K), 3 survivors (3072K)
 Metaspace       used 42981K, committed 43456K, reserved 1114112K
  class space    used 5476K, committed 5696K, reserved 1048576K
}
Event: 8.039 GC heap after
{Heap after GC invocations=14 (full 0):
 garbage-first heap   total 46080K, used 20005K [0x00000000c9e00000, 0x0000000100000000)
  region size 1024K, 2 young (2048K), 2 survivors (2048K)
 Metaspace       used 42981K, committed 43456K, reserved 1114112K
  class space    used 5476K, committed 5696K, reserved 1048576K
}
Event: 8.564 GC heap before
{Heap before GC invocations=14 (full 0):
 garbage-first heap   total 46080K, used 34341K [0x00000000c9e00000, 0x0000000100000000)
  region size 1024K, 16 young (16384K), 2 survivors (2048K)
 Metaspace       used 47274K, committed 47744K, reserved 1114112K
  class space    used 6032K, committed 6272K, reserved 1048576K
}
Event: 8.570 GC heap after
{Heap after GC invocations=15 (full 0):
 garbage-first heap   total 46080K, used 21336K [0x00000000c9e00000, 0x0000000100000000)
  region size 1024K, 2 young (2048K), 2 survivors (2048K)
 Metaspace       used 47274K, committed 47744K, reserved 1114112K
  class space    used 6032K, committed 6272K, reserved 1048576K
}
Event: 8.908 GC heap before
{Heap before GC invocations=15 (full 0):
 garbage-first heap   total 46080K, used 33624K [0x00000000c9e00000, 0x0000000100000000)
  region size 1024K, 14 young (14336K), 2 survivors (2048K)
 Metaspace       used 50036K, committed 50496K, reserved 1114112K
  class space    used 6458K, committed 6656K, reserved 1048576K
}

