# JRE version: OpenJDK Runtime Environment Temurin-17.0.7+7 (17.0.7+7) (build 17.0.7+7)
# Java VM: OpenJDK 64-Bit Server VM Temurin-17.0.7+7 (17.0.7+7, mixed mode, emulated-client, tiered, compressed oops, compressed class ptrs, g1 gc, windows-amd64)
GC Precious Log:
 CPUs: 4 total, 4 available
 Memory: 3459M
 Large Page Support: Disabled
 NUMA Support: Disabled
 Compressed Oops: Enabled (32-bit)
 Heap Region Size: 1M
 Heap Min Capacity: 8M
 Heap Initial Capacity: 56M
 Heap Max Capacity: 866M
 Pre-touch: Disabled
 Parallel Workers: 4
 Concurrent Workers: 1
 Concurrent Refinement Workers: 4
 Periodic GC: Disabled
Heap:
 garbage-first heap   total 47104K, used 21812K [0x00000000c9e00000, 0x0000000100000000)
  region size 1024K, 2 young (2048K), 2 survivors (2048K)
 Metaspace       used 48139K, committed 48576K, reserved 1114112K
  class space    used 6168K, committed 6400K, reserved 1048576K
GC Heap History (20 events):
Event: 1.770 GC heap after
{Heap after GC invocations=3 (full 0):
 garbage-first heap   total 57344K, used 9243K [0x00000000c9e00000, 0x0000000100000000)
  region size 1024K, 3 young (3072K), 3 survivors (3072K)
 Metaspace       used 19848K, committed 20096K, reserved 1114112K
  class space    used 2306K, committed 2432K, reserved 1048576K
}
Event: 1.844 GC heap before
{Heap before GC invocations=3 (full 0):
 garbage-first heap   total 57344K, used 15387K [0x00000000c9e00000, 0x0000000100000000)
  region size 1024K, 10 young (10240K), 3 survivors (3072K)
 Metaspace       used 21214K, committed 21504K, reserved 1114112K
  class space    used 2500K, committed 2688K, reserved 1048576K
}
Event: 1.848 GC heap after
{Heap after GC invocations=4 (full 0):
 garbage-first heap   total 57344K, used 9506K [0x00000000c9e00000, 0x0000000100000000)
  region size 1024K, 2 young (2048K), 2 survivors (2048K)
 Metaspace       used 21214K, committed 21504K, reserved 1114112K
  class space    used 2500K, committed 2688K, reserved 1048576K
}
Event: 2.130 GC heap before
{Heap before GC invocations=5 (full 0):
 garbage-first heap   total 37888K, used 27938K [0x00000000c9e00000, 0x0000000100000000)
  region size 1024K, 22 young (22528K), 2 survivors (2048K)
 Metaspace       used 25392K, committed 25664K, reserved 1114112K
  class space    used 3130K, committed 3264K, reserved 1048576K
}
Event: 2.135 GC heap after
{Heap after GC invocations=6 (full 0):
 garbage-first heap   total 37888K, used 10742K [0x00000000c9e00000, 0x0000000100000000)
  region size 1024K, 3 young (3072K), 3 survivors (3072K)
 Metaspace       used 25392K, committed 25664K, reserved 1114112K
  class space    used 3130K, committed 3264K, reserved 1048576K
}
Event: 2.289 GC heap before
{Heap before GC invocations=6 (full 0):
 garbage-first heap   total 37888K, used 24054K [0x00000000c9e00000, 0x0000000100000000)
  region size 1024K, 17 young (17408K), 3 survivors (3072K)
 Metaspace       used 28466K, committed 28736K, reserved 1114112K
  class space    used 3467K, committed 3584K, reserved 1048576K
}
Event: 2.296 GC heap after
{Heap after GC invocations=7 (full 0):
 garbage-first heap   total 37888K, used 12382K [0x00000000c9e00000, 0x0000000100000000)
  region size 1024K, 3 young (3072K), 3 survivors (3072K)
 Metaspace       used 28466K, committed 28736K, reserved 1114112K
  class space    used 3467K, committed 3584K, reserved 1048576K
}
Event: 2.464 GC heap before
{Heap before GC invocations=7 (full 0):
 garbage-first heap   total 37888K, used 25694K [0x00000000c9e00000, 0x0000000100000000)
  region size 1024K, 16 young (16384K), 3 survivors (3072K)
 Metaspace       used 30075K, committed 30336K, reserved 1114112K
  class space    used 3712K, committed 3840K, reserved 1048576K
}
Event: 2.470 GC heap after
{Heap after GC invocations=8 (full 0):
 garbage-first heap   total 37888K, used 13163K [0x00000000c9e00000, 0x0000000100000000)
  region size 1024K, 1 young (1024K), 1 survivors (1024K)
 Metaspace       used 30075K, committed 30336K, reserved 1114112K
  class space    used 3712K, committed 3840K, reserved 1048576K
}
Event: 2.754 GC heap before
{Heap before GC invocations=8 (full 0):
 garbage-first heap   total 37888K, used 26475K [0x00000000c9e00000, 0x0000000100000000)
  region size 1024K, 14 young (14336K), 1 survivors (1024K)
 Metaspace       used 31383K, committed 31680K, reserved 1114112K
  class space    used 3907K, committed 4032K, reserved 1048576K
}
Event: 2.757 GC heap after
{Heap after GC invocations=9 (full 0):
 garbage-first heap   total 47104K, used 13904K [0x00000000c9e00000, 0x0000000100000000)
  region size 1024K, 2 young (2048K), 2 survivors (2048K)
 Metaspace       used 31383K, committed 31680K, reserved 1114112K
  class space    used 3907K, committed 4032K, reserved 1048576K
}
Event: 3.191 GC heap before
{Heap before GC invocations=9 (full 0):
 garbage-first heap   total 47104K, used 34384K [0x00000000c9e00000, 0x0000000100000000)
  region size 1024K, 22 young (22528K), 2 survivors (2048K)
 Metaspace       used 34251K, committed 34688K, reserved 1114112K
  class space    used 4358K, committed 4544K, reserved 1048576K
}
Event: 3.196 GC heap after
{Heap after GC invocations=10 (full 0):
 garbage-first heap   total 47104K, used 15584K [0x00000000c9e00000, 0x0000000100000000)
  region size 1024K, 3 young (3072K), 3 survivors (3072K)
 Metaspace       used 34251K, committed 34688K, reserved 1114112K
  class space    used 4358K, committed 4544K, reserved 1048576K
}
Event: 3.389 GC heap before
{Heap before GC invocations=10 (full 0):
 garbage-first heap   total 47104K, used 23776K [0x00000000c9e00000, 0x0000000100000000)
  region size 1024K, 13 young (13312K), 3 survivors (3072K)
 Metaspace       used 35856K, committed 36288K, reserved 1114112K
  class space    used 4629K, committed 4864K, reserved 1048576K
}
Event: 3.395 GC heap after
{Heap after GC invocations=11 (full 0):
 garbage-first heap   total 47104K, used 16568K [0x00000000c9e00000, 0x0000000100000000)
  region size 1024K, 2 young (2048K), 2 survivors (2048K)
 Metaspace       used 35856K, committed 36288K, reserved 1114112K
  class space    used 4629K, committed 4864K, reserved 1048576K
}
Event: 3.749 GC heap before
{Heap before GC invocations=12 (full 0):
 garbage-first heap   total 47104K, used 33976K [0x00000000c9e00000, 0x0000000100000000)
  region size 1024K, 20 young (20480K), 2 survivors (2048K)
 Metaspace       used 38480K, committed 38976K, reserved 1114112K
  class space    used 4970K, committed 5184K, reserved 1048576K
}
Event: 3.754 GC heap after
{Heap after GC invocations=13 (full 0):
 garbage-first heap   total 47104K, used 18338K [0x00000000c9e00000, 0x0000000100000000)
  region size 1024K, 3 young (3072K), 3 survivors (3072K)
 Metaspace       used 38480K, committed 38976K, reserved 1114112K
  class space    used 4970K, committed 5184K, reserved 1048576K
}
Event: 4.217 GC heap before
{Heap before GC invocations=13 (full 0):
 garbage-first heap   total 47104K, used 35746K [0x00000000c9e00000, 0x0000000100000000)
  region size 1024K, 20 young (20480K), 3 survivors (3072K)
 Metaspace       used 45486K, committed 45952K, reserved 1114112K
  class space    used 5806K, committed 6016K, reserved 1048576K
}
Event: 4.223 GC heap after
{Heap after GC invocations=14 (full 0):
 garbage-first heap   total 47104K, used 20254K [0x00000000c9e00000, 0x0000000100000000)
  region size 1024K, 2 young (2048K), 2 survivors (2048K)
 Metaspace       used 45486K, committed 45952K, reserved 1114112K
  class space    used 5806K, committed 6016K, reserved 1048576K
}
Event: 4.633 GC heap before
{Heap before GC invocations=14 (full 0):
 garbage-first heap   total 47104K, used 34590K [0x00000000c9e00000, 0x0000000100000000)
  region size 1024K, 17 young (17408K), 2 survivors (2048K)
 Metaspace       used 48139K, committed 48576K, reserved 1114112K
  class space    used 6168K, committed 6400K, reserved 1048576K
}

